<?xml version="1.0" encoding="UTF-8"?>
<!-- Generated by org.testng.reporters.JUnitReportReporter -->
<testsuite skipped="0" hostname="Bojana" name="Tests.LogInTest" tests="16" failures="0" timestamp="07 Aug 2018 20:21:30 GMT" time="57.357" errors="0">
  <testcase name="testVerifyLoginPage" time="1.282" classname="Tests.LogInTest"/>
  <testcase name="testEmpty" time="2.494" classname="Tests.LogInTest"/>
  <testcase name="testIncorrectEmailIncorrectPassword" time="4.738" classname="Tests.LogInTest"/>
  <testcase name="testCorrectEmailIncorrectPassword" time="3.326" classname="Tests.LogInTest"/>
  <testcase name="testIncorrectEmailEmptyPassword" time="3.478" classname="Tests.LogInTest"/>
  <testcase name="testEmptyEmailIncorrectPassword" time="2.885" classname="Tests.LogInTest"/>
  <testcase name="testEmptyEmailCorrectPassword" time="2.909" classname="Tests.LogInTest"/>
  <testcase name="testCorrectEmailEmptyPassword" time="3.347" classname="Tests.LogInTest"/>
  <testcase name="testInvalidEmailCorrectPassword" time="3.190" classname="Tests.LogInTest"/>
  <testcase name="testEnterEmailWith2ETandIncorrectPassword" time="3.165" classname="Tests.LogInTest"/>
  <testcase name="testEnterEmailWith2ETandCorrectPassword" time="6.769" classname="Tests.LogInTest"/>
  <testcase name="testEnterCorrectEmailAndPasswordWith5Char" time="3.333" classname="Tests.LogInTest"/>
  <testcase name="testEnterInvalidEmailAndPasswordWith5Char" time="3.769" classname="Tests.LogInTest"/>
  <testcase name="testEnterInvalidEmailAndPasswordWith21Char" time="4.209" classname="Tests.LogInTest"/>
  <testcase name="testEnterCorrectEmailAndPasswordWith21Char" time="4.399" classname="Tests.LogInTest"/>
  <testcase name="testEnterCorrectEmailAndCorrectPassword" time="4.064" classname="Tests.LogInTest"/>
</testsuite> <!-- Tests.LogInTest -->
