<?xml version="1.0" encoding="UTF-8"?>
<!-- Generated by org.testng.reporters.JUnitReportReporter -->
<testsuite skipped="0" hostname="Bojana" name="Tests.AddNewInvoiceTest" tests="3" failures="0" timestamp="07 Aug 2018 20:21:30 GMT" time="15.021" errors="0">
  <testcase name="testAddNewEmptySave" time="2.411" classname="Tests.AddNewInvoiceTest"/>
  <testcase name="testAddNewInvoiceAll" time="10.398" classname="Tests.AddNewInvoiceTest"/>
  <testcase name="testCancel" time="2.212" classname="Tests.AddNewInvoiceTest"/>
</testsuite> <!-- Tests.AddNewInvoiceTest -->
